[debug] [2026-05-02T02:11:50.920Z] ----------------------------------------------------------------------
[debug] [2026-05-02T02:11:50.921Z] Command:       C:\Program Files\nodejs\node.exe C:\Users\kikus\AppData\Roaming\npm\node_modules\firebase-tools\lib\bin\firebase.js deploy --only functions hosting --project story-gen-8a769
[debug] [2026-05-02T02:11:50.921Z] CLI Version:   15.15.0
[debug] [2026-05-02T02:11:50.921Z] Platform:      win32
[debug] [2026-05-02T02:11:50.921Z] Node Version:  v24.15.0
[debug] [2026-05-02T02:11:50.921Z] Time:          Sat May 02 2026 11:11:50 GMT+0900 (日本標準時)
[debug] [2026-05-02T02:11:50.922Z] ----------------------------------------------------------------------
[debug] 
[debug] [2026-05-02T02:11:51.613Z] > command requires scopes: ["email","openid","https://www.googleapis.com/auth/cloudplatformprojects.readonly","https://www.googleapis.com/auth/firebase","https://www.googleapis.com/auth/cloud-platform"]
[debug] [2026-05-02T02:11:51.614Z] > authorizing via signed-in user (kikushun0529@gmail.com)
[debug] [2026-05-02T02:11:51.614Z] [iam] checking project story-gen-8a769 for permissions ["cloudfunctions.functions.create","cloudfunctions.functions.delete","cloudfunctions.functions.get","cloudfunctions.functions.list","cloudfunctions.functions.update","cloudfunctions.operations.get","firebase.projects.get","firebasehosting.sites.update"]
[debug] [2026-05-02T02:11:51.614Z] Checked if tokens are valid: false, expires at: 1777687767351
[debug] [2026-05-02T02:11:51.614Z] Checked if tokens are valid: false, expires at: 1777687767351
[debug] [2026-05-02T02:11:51.614Z] > refreshing access token with scopes: []
[debug] [2026-05-02T02:11:51.615Z] >>> [apiv2][query] POST https://www.googleapis.com/oauth2/v3/token [none]
[debug] [2026-05-02T02:11:51.615Z] >>> [apiv2][body] POST https://www.googleapis.com/oauth2/v3/token [omitted]
[debug] [2026-05-02T02:11:52.967Z] <<< [apiv2][status] POST https://www.googleapis.com/oauth2/v3/token 200
[debug] [2026-05-02T02:11:52.967Z] <<< [apiv2][body] POST https://www.googleapis.com/oauth2/v3/token [omitted]
[debug] [2026-05-02T02:11:52.975Z] >>> [apiv2][query] POST https://cloudresourcemanager.googleapis.com/v1/projects/story-gen-8a769:testIamPermissions [none]
[debug] [2026-05-02T02:11:52.975Z] >>> [apiv2][(partial)header] POST https://cloudresourcemanager.googleapis.com/v1/projects/story-gen-8a769:testIamPermissions  x-goog-user-project=story-gen-8a769
[debug] [2026-05-02T02:11:52.975Z] >>> [apiv2][body] POST https://cloudresourcemanager.googleapis.com/v1/projects/story-gen-8a769:testIamPermissions {"permissions":["cloudfunctions.functions.create","cloudfunctions.functions.delete","cloudfunctions.functions.get","cloudfunctions.functions.list","cloudfunctions.functions.update","cloudfunctions.operations.get","firebase.projects.get","firebasehosting.sites.update"]}
[debug] [2026-05-02T02:11:54.008Z] <<< [apiv2][status] POST https://cloudresourcemanager.googleapis.com/v1/projects/story-gen-8a769:testIamPermissions 200
[debug] [2026-05-02T02:11:54.008Z] <<< [apiv2][body] POST https://cloudresourcemanager.googleapis.com/v1/projects/story-gen-8a769:testIamPermissions {"permissions":["cloudfunctions.functions.create","cloudfunctions.functions.delete","cloudfunctions.functions.get","cloudfunctions.functions.list","cloudfunctions.functions.update","cloudfunctions.operations.get","firebase.projects.get","firebasehosting.sites.update"]}
[debug] [2026-05-02T02:11:54.009Z] Checked if tokens are valid: true, expires at: 1777691511967
[debug] [2026-05-02T02:11:54.009Z] Checked if tokens are valid: true, expires at: 1777691511967
[debug] [2026-05-02T02:11:54.009Z] >>> [apiv2][query] POST https://iam.googleapis.com/v1/projects/story-gen-8a769/serviceAccounts/story-gen-8a769@appspot.gserviceaccount.com:testIamPermissions [none]
[debug] [2026-05-02T02:11:54.010Z] >>> [apiv2][body] POST https://iam.googleapis.com/v1/projects/story-gen-8a769/serviceAccounts/story-gen-8a769@appspot.gserviceaccount.com:testIamPermissions {"permissions":["iam.serviceAccounts.actAs"]}
[debug] [2026-05-02T02:11:55.197Z] <<< [apiv2][status] POST https://iam.googleapis.com/v1/projects/story-gen-8a769/serviceAccounts/story-gen-8a769@appspot.gserviceaccount.com:testIamPermissions 200
[debug] [2026-05-02T02:11:55.197Z] <<< [apiv2][body] POST https://iam.googleapis.com/v1/projects/story-gen-8a769/serviceAccounts/story-gen-8a769@appspot.gserviceaccount.com:testIamPermissions {"permissions":["iam.serviceAccounts.actAs"]}
[debug] [2026-05-02T02:11:55.199Z] Checked if tokens are valid: true, expires at: 1777691511967
[debug] [2026-05-02T02:11:55.199Z] Checked if tokens are valid: true, expires at: 1777691511967
[debug] [2026-05-02T02:11:55.199Z] >>> [apiv2][query] GET https://firebase.googleapis.com/v1beta1/projects/story-gen-8a769 [none]
[debug] [2026-05-02T02:11:56.269Z] <<< [apiv2][status] GET https://firebase.googleapis.com/v1beta1/projects/story-gen-8a769 200
[debug] [2026-05-02T02:11:56.270Z] <<< [apiv2][body] GET https://firebase.googleapis.com/v1beta1/projects/story-gen-8a769 {"projectId":"story-gen-8a769","projectNumber":"709804999278","displayName":"story-gen","name":"projects/story-gen-8a769","resources":{"hostingSite":"story-gen-8a769"},"state":"ACTIVE","etag":"1_d94995d0-fafa-43a7-b5c2-cbe45392acbd"}
[info] 
[info] === Deploying to 'story-gen-8a769'...
[info] 
[info] i  deploying functions, hosting 
[debug] [2026-05-02T02:11:56.282Z] Checked if tokens are valid: true, expires at: 1777691511967
[debug] [2026-05-02T02:11:56.283Z] Checked if tokens are valid: true, expires at: 1777691511967
[debug] [2026-05-02T02:11:56.283Z] >>> [apiv2][query] GET https://cloudresourcemanager.googleapis.com/v1/projects/story-gen-8a769 [none]
[debug] [2026-05-02T02:11:56.644Z] <<< [apiv2][status] GET https://cloudresourcemanager.googleapis.com/v1/projects/story-gen-8a769 200
[debug] [2026-05-02T02:11:56.645Z] <<< [apiv2][body] GET https://cloudresourcemanager.googleapis.com/v1/projects/story-gen-8a769 {"projectNumber":"709804999278","projectId":"story-gen-8a769","lifecycleState":"ACTIVE","name":"story-gen","labels":{"firebase":"enabled","firebase-core":"disabled"},"createTime":"2026-04-18T12:56:02.052Z"}
[info] i  functions: preparing codebase default for deployment 
[info] i  functions: ensuring required API cloudfunctions.googleapis.com is enabled... 
[info] i  functions: ensuring required API cloudbuild.googleapis.com is enabled... 
[info] i  artifactregistry: ensuring required API artifactregistry.googleapis.com is enabled... 
[debug] [2026-05-02T02:11:56.651Z] Checked if tokens are valid: true, expires at: 1777691511967
[debug] [2026-05-02T02:11:56.652Z] Checked if tokens are valid: true, expires at: 1777691511967
[debug] [2026-05-02T02:11:56.652Z] >>> [apiv2][query] GET https://firebase.googleapis.com/v1beta1/projects/story-gen-8a769/adminSdkConfig [none]
[debug] [2026-05-02T02:11:57.818Z] <<< [apiv2][status] GET https://firebase.googleapis.com/v1beta1/projects/story-gen-8a769/adminSdkConfig 200
[debug] [2026-05-02T02:11:57.818Z] <<< [apiv2][body] GET https://firebase.googleapis.com/v1beta1/projects/story-gen-8a769/adminSdkConfig {"projectId":"story-gen-8a769","storageBucket":"story-gen-8a769.firebasestorage.app"}
[debug] [2026-05-02T02:11:57.818Z] Checked if tokens are valid: true, expires at: 1777691511967
[debug] [2026-05-02T02:11:57.818Z] Checked if tokens are valid: true, expires at: 1777691511967
[debug] [2026-05-02T02:11:57.818Z] >>> [apiv2][query] GET https://runtimeconfig.googleapis.com/v1beta1/projects/story-gen-8a769/configs [none]
[debug] [2026-05-02T02:11:59.037Z] <<< [apiv2][status] GET https://runtimeconfig.googleapis.com/v1beta1/projects/story-gen-8a769/configs 200
[debug] [2026-05-02T02:11:59.037Z] <<< [apiv2][body] GET https://runtimeconfig.googleapis.com/v1beta1/projects/story-gen-8a769/configs {}
[debug] [2026-05-02T02:11:59.040Z] Validating nodejs source
[warn] !  functions: Runtime Node.js 20 was deprecated on 2026-04-30 and will be decommissioned on 2026-10-30, after which you will not be able to deploy without upgrading. Consider upgrading now to avoid disruption. See https://cloud.google.com/functions/docs/runtime-support for full details on the lifecycle policy 
[warn] !  functions: package.json indicates an outdated version of firebase-functions. Please upgrade using npm install --save firebase-functions@latest in your functions directory. 
[warn] !  functions: Please note that there will be breaking changes when you upgrade. 
[debug] [2026-05-02T02:12:00.404Z] > [functions] package.json contents: {
  "name": "ehonai-functions",
  "private": true,
  "scripts": {
    "build": "tsc",
    "build:watch": "tsc --watch",
    "test": "vitest run",
    "test:watch": "vitest"
  },
  "engines": {
    "node": "20"
  },
  "main": "lib/index.js",
  "dependencies": {
    "firebase-admin": "^13.0.0",
    "firebase-functions": "^6.0.0",
    "@google/generative-ai": "^0.24.0",
    "replicate": "^1.0.0"
  },
  "devDependencies": {
    "typescript": "^5.7.0",
    "vitest": "^3.0.0",
    "@types/node": "^20.0.0"
  }
}
[debug] [2026-05-02T02:12:00.404Z] Building nodejs source
[info] i  functions: Loading and analyzing source code for codebase default to determine what to deploy 
[debug] [2026-05-02T02:12:00.405Z] Could not find functions.yaml. Must use http discovery
[debug] [2026-05-02T02:12:00.410Z] Found firebase-functions binary at 'C:\Users\kikus\.env\story-gen\functions\node_modules\.bin\firebase-functions'
[info] Serving at port 8063

[debug] [2026-05-02T02:12:00.744Z] Got response from /__/functions.yaml {"endpoints":{"generateBook":{"availableMemoryMb":1024,"timeoutSeconds":540,"minInstances":null,"maxInstances":null,"ingressSettings":null,"concurrency":null,"serviceAccountEmail":null,"vpc":null,"platform":"gcfv2","region":["asia-northeast1"],"secretEnvironmentVariables":[{"key":"GEMINI_API_KEY"},{"key":"REPLICATE_API_TOKEN"}],"labels":{},"eventTrigger":{"eventType":"google.cloud.firestore.document.v1.created","eventFilters":{"database":"(default)","namespace":"(default)"},"eventFilterPathPatterns":{"document":"books/{bookId}"},"retry":false},"entryPoint":"generateBook"},"generateChildCharacter":{"availableMemoryMb":1024,"timeoutSeconds":300,"minInstances":null,"maxInstances":null,"ingressSettings":null,"concurrency":null,"serviceAccountEmail":null,"vpc":null,"platform":"gcfv2","region":["asia-northeast1"],"secretEnvironmentVariables":[{"key":"REPLICATE_API_TOKEN"}],"labels":{},"callableTrigger":{},"entryPoint":"generateChildCharacter"},"cleanupExpired":{"availableMemoryMb":null,"timeoutSeconds":null,"minInstances":null,"maxInstances":null,"ingressSettings":null,"concurrency":null,"serviceAccountEmail":null,"vpc":null,"platform":"gcfv2","region":["asia-northeast1"],"labels":{},"scheduleTrigger":{"schedule":"0 18 * * *","retryConfig":{"retryCount":3},"timeZone":"Asia/Tokyo"},"entryPoint":"cleanupExpired"},"resetMonthlyQuota":{"availableMemoryMb":null,"timeoutSeconds":null,"minInstances":null,"maxInstances":null,"ingressSettings":null,"concurrency":null,"serviceAccountEmail":null,"vpc":null,"platform":"gcfv2","region":["asia-northeast1"],"labels":{},"scheduleTrigger":{"schedule":"5 15 1 * *","retryConfig":{"retryCount":3},"timeZone":"Asia/Tokyo"},"entryPoint":"resetMonthlyQuota"},"seedTemplates":{"availableMemoryMb":null,"timeoutSeconds":null,"minInstances":null,"maxInstances":null,"ingressSettings":null,"concurrency":null,"serviceAccountEmail":null,"vpc":null,"platform":"gcfv2","region":["asia-northeast1"],"labels":{},"callableTrigger":{},"entryPoint":"seedTemplates"},"testImageModels":{"availableMemoryMb":1024,"timeoutSeconds":300,"minInstances":null,"maxInstances":null,"ingressSettings":null,"concurrency":null,"serviceAccountEmail":null,"vpc":null,"platform":"gcfv2","region":["asia-northeast1"],"secretEnvironmentVariables":[{"key":"REPLICATE_API_TOKEN"}],"labels":{},"callableTrigger":{},"entryPoint":"testImageModels"},"bootstrapAdmin":{"availableMemoryMb":null,"timeoutSeconds":null,"minInstances":null,"maxInstances":null,"ingressSettings":null,"concurrency":null,"serviceAccountEmail":null,"vpc":null,"platform":"gcfv2","region":["asia-northeast1"],"labels":{},"callableTrigger":{},"entryPoint":"bootstrapAdmin"}},"specVersion":"v1alpha1","requiredAPIs":[{"api":"cloudscheduler.googleapis.com","reason":"Needed for scheduled functions."}],"extensions":{},"params":[{"type":"secret","name":"GEMINI_API_KEY"},{"type":"secret","name":"REPLICATE_API_TOKEN"},{"name":"ADMIN_EMAILS","type":"string","default":""}]}
[info] i  extensions: ensuring required API firebaseextensions.googleapis.com is enabled... 
[debug] [2026-05-02T02:12:04.862Z] > command requires scopes: ["email","openid","https://www.googleapis.com/auth/cloudplatformprojects.readonly","https://www.googleapis.com/auth/firebase","https://www.googleapis.com/auth/cloud-platform"]
[debug] [2026-05-02T02:12:04.862Z] > authorizing via signed-in user (kikushun0529@gmail.com)
[debug] [2026-05-02T02:12:04.863Z] [iam] checking project story-gen-8a769 for permissions ["firebase.projects.get","firebaseextensions.instances.list"]
[debug] [2026-05-02T02:12:04.863Z] Checked if tokens are valid: true, expires at: 1777691511967
[debug] [2026-05-02T02:12:04.863Z] Checked if tokens are valid: true, expires at: 1777691511967
[debug] [2026-05-02T02:12:04.863Z] >>> [apiv2][query] POST https://cloudresourcemanager.googleapis.com/v1/projects/story-gen-8a769:testIamPermissions [none]
[debug] [2026-05-02T02:12:04.863Z] >>> [apiv2][(partial)header] POST https://cloudresourcemanager.googleapis.com/v1/projects/story-gen-8a769:testIamPermissions  x-goog-user-project=story-gen-8a769
[debug] [2026-05-02T02:12:04.864Z] >>> [apiv2][body] POST https://cloudresourcemanager.googleapis.com/v1/projects/story-gen-8a769:testIamPermissions {"permissions":["firebase.projects.get","firebaseextensions.instances.list"]}
[debug] [2026-05-02T02:12:05.915Z] <<< [apiv2][status] POST https://cloudresourcemanager.googleapis.com/v1/projects/story-gen-8a769:testIamPermissions 200
[debug] [2026-05-02T02:12:05.915Z] <<< [apiv2][body] POST https://cloudresourcemanager.googleapis.com/v1/projects/story-gen-8a769:testIamPermissions {"permissions":["firebase.projects.get","firebaseextensions.instances.list"]}
[debug] [2026-05-02T02:12:05.916Z] Checked if tokens are valid: true, expires at: 1777691511967
[debug] [2026-05-02T02:12:05.916Z] Checked if tokens are valid: true, expires at: 1777691511967
[debug] [2026-05-02T02:12:05.916Z] >>> [apiv2][query] GET https://firebaseextensions.googleapis.com/v1beta/projects/story-gen-8a769/instances pageSize=100&pageToken=
[debug] [2026-05-02T02:12:07.238Z] <<< [apiv2][status] GET https://firebaseextensions.googleapis.com/v1beta/projects/story-gen-8a769/instances 200
[debug] [2026-05-02T02:12:07.239Z] <<< [apiv2][body] GET https://firebaseextensions.googleapis.com/v1beta/projects/story-gen-8a769/instances {}
[info] i  functions: Loaded environment variables from .env.story-gen-8a769. 
[debug] [2026-05-02T02:12:07.246Z] Checked if tokens are valid: true, expires at: 1777691511967
[debug] [2026-05-02T02:12:07.246Z] Checked if tokens are valid: true, expires at: 1777691511967
[debug] [2026-05-02T02:12:07.247Z] >>> [apiv2][query] GET https://secretmanager.googleapis.com/v1/projects/story-gen-8a769/secrets/GEMINI_API_KEY [none]
[debug] [2026-05-02T02:12:08.050Z] <<< [apiv2][status] GET https://secretmanager.googleapis.com/v1/projects/story-gen-8a769/secrets/GEMINI_API_KEY 200
[debug] [2026-05-02T02:12:08.051Z] <<< [apiv2][body] GET https://secretmanager.googleapis.com/v1/projects/story-gen-8a769/secrets/GEMINI_API_KEY {"name":"projects/709804999278/secrets/GEMINI_API_KEY","replication":{"automatic":{}},"createTime":"2026-04-18T14:13:31.363278Z","labels":{"firebase-managed":"functions"},"etag":"\"164fbcab9cf3f0\""}
[debug] [2026-05-02T02:12:08.052Z] Checked if tokens are valid: true, expires at: 1777691511967
[debug] [2026-05-02T02:12:08.052Z] Checked if tokens are valid: true, expires at: 1777691511967
[debug] [2026-05-02T02:12:08.052Z] >>> [apiv2][query] GET https://secretmanager.googleapis.com/v1/projects/story-gen-8a769/secrets/GEMINI_API_KEY/versions/latest [none]
[debug] [2026-05-02T02:12:08.360Z] <<< [apiv2][status] GET https://secretmanager.googleapis.com/v1/projects/story-gen-8a769/secrets/GEMINI_API_KEY/versions/latest 200
[debug] [2026-05-02T02:12:08.360Z] <<< [apiv2][body] GET https://secretmanager.googleapis.com/v1/projects/story-gen-8a769/secrets/GEMINI_API_KEY/versions/latest {"name":"projects/709804999278/secrets/GEMINI_API_KEY/versions/4","createTime":"2026-04-22T16:09:55.036809Z","state":"ENABLED","replicationStatus":{"automatic":{}},"etag":"\"16500ec334aa89\""}
[debug] [2026-05-02T02:12:08.361Z] Checked if tokens are valid: true, expires at: 1777691511967
[debug] [2026-05-02T02:12:08.361Z] Checked if tokens are valid: true, expires at: 1777691511967
[debug] [2026-05-02T02:12:08.361Z] >>> [apiv2][query] GET https://secretmanager.googleapis.com/v1/projects/story-gen-8a769/secrets/REPLICATE_API_TOKEN [none]
[debug] [2026-05-02T02:12:08.684Z] <<< [apiv2][status] GET https://secretmanager.googleapis.com/v1/projects/story-gen-8a769/secrets/REPLICATE_API_TOKEN 200
[debug] [2026-05-02T02:12:08.684Z] <<< [apiv2][body] GET https://secretmanager.googleapis.com/v1/projects/story-gen-8a769/secrets/REPLICATE_API_TOKEN {"name":"projects/709804999278/secrets/REPLICATE_API_TOKEN","replication":{"automatic":{}},"createTime":"2026-04-18T14:14:39.874458Z","labels":{"firebase-managed":"functions"},"etag":"\"164fbcafbfb07e\""}
[debug] [2026-05-02T02:12:08.684Z] Checked if tokens are valid: true, expires at: 1777691511967
[debug] [2026-05-02T02:12:08.684Z] Checked if tokens are valid: true, expires at: 1777691511967
[debug] [2026-05-02T02:12:08.684Z] >>> [apiv2][query] GET https://secretmanager.googleapis.com/v1/projects/story-gen-8a769/secrets/REPLICATE_API_TOKEN/versions/latest [none]
[debug] [2026-05-02T02:12:09.454Z] <<< [apiv2][status] GET https://secretmanager.googleapis.com/v1/projects/story-gen-8a769/secrets/REPLICATE_API_TOKEN/versions/latest 200
[debug] [2026-05-02T02:12:09.454Z] <<< [apiv2][body] GET https://secretmanager.googleapis.com/v1/projects/story-gen-8a769/secrets/REPLICATE_API_TOKEN/versions/latest {"name":"projects/709804999278/secrets/REPLICATE_API_TOKEN/versions/5","createTime":"2026-04-22T16:08:20.501335Z","state":"ENABLED","replicationStatus":{"automatic":{}},"etag":"\"16500ebd922b57\""}
[info] i  functions: preparing functions directory for uploading... 
[info] i  functions: packaged C:\Users\kikus\.env\story-gen\functions (198.53 KB) for uploading 
[debug] [2026-05-02T02:12:09.527Z] Checked if tokens are valid: true, expires at: 1777691511967
[debug] [2026-05-02T02:12:09.527Z] Checked if tokens are valid: true, expires at: 1777691511967
[debug] [2026-05-02T02:12:09.527Z] >>> [apiv2][query] GET https://cloudfunctions.googleapis.com/v1/projects/story-gen-8a769/locations/-/functions [none]
[debug] [2026-05-02T02:12:11.336Z] <<< [apiv2][status] GET https://cloudfunctions.googleapis.com/v1/projects/story-gen-8a769/locations/-/functions 200
[debug] [2026-05-02T02:12:11.337Z] <<< [apiv2][body] GET https://cloudfunctions.googleapis.com/v1/projects/story-gen-8a769/locations/-/functions {}
[debug] [2026-05-02T02:12:11.337Z] Checked if tokens are valid: true, expires at: 1777691511967
[debug] [2026-05-02T02:12:11.338Z] Checked if tokens are valid: true, expires at: 1777691511967
[debug] [2026-05-02T02:12:11.338Z] >>> [apiv2][query] GET https://cloudfunctions.googleapis.com/v2/projects/story-gen-8a769/locations/-/functions filter=environment%3D%22GEN_2%22
[debug] [2026-05-02T02:12:12.943Z] <<< [apiv2][status] GET https://cloudfunctions.googleapis.com/v2/projects/story-gen-8a769/locations/-/functions 200
[debug] [2026-05-02T02:12:12.943Z] <<< [apiv2][body] GET https://cloudfunctions.googleapis.com/v2/projects/story-gen-8a769/locations/-/functions {"functions":[{"name":"projects/story-gen-8a769/locations/asia-northeast1/functions/seedTemplates","buildConfig":{"build":"projects/709804999278/locations/asia-northeast1/builds/1932b196-0400-4403-9412-183d776e114d","runtime":"nodejs20","entryPoint":"seedTemplates","source":{"storageSource":{"bucket":"gcf-v2-sources-709804999278-asia-northeast1","object":"seedTemplates/function-source.zip","generation":"1777684232624392"}},"environmentVariables":{"GOOGLE_NODE_RUN_SCRIPTS":""},"dockerRepository":"projects/story-gen-8a769/locations/asia-northeast1/repositories/gcf-artifacts","sourceProvenance":{"resolvedStorageSource":{"bucket":"gcf-v2-sources-709804999278-asia-northeast1","object":"seedTemplates/function-source.zip","generation":"1777684232624392"}},"dockerRegistry":"ARTIFACT_REGISTRY","serviceAccount":"projects/story-gen-8a769/serviceAccounts/709804999278-compute@developer.gserviceaccount.com","automaticUpdatePolicy":{}},"serviceConfig":{"service":"projects/story-gen-8a769/locations/asia-northeast1/services/seedtemplates","timeoutSeconds":60,"environmentVariables":{"ADMIN_EMAILS":"kikushun0529@gmail.com,wanpakulabo@gmail.com","ENABLE_FLUX_KLEIN":"true","FIREBASE_CONFIG":"{\"projectId\":\"story-gen-8a769\",\"storageBucket\":\"story-gen-8a769.firebasestorage.app\"}","GCLOUD_PROJECT":"story-gen-8a769","EVENTARC_CLOUD_EVENT_SOURCE":"projects/story-gen-8a769/locations/asia-northeast1/services/seedTemplates","FUNCTION_TARGET":"seedTemplates","LOG_EXECUTION_ID":"true","FUNCTION_SIGNATURE_TYPE":"http"},"maxInstanceCount":20,"ingressSettings":"ALLOW_ALL","uri":"https://seedtemplates-xxqfxjazrq-an.a.run.app","serviceAccountEmail":"709804999278-compute@developer.gserviceaccount.com","availableMemory":"256Mi","allTrafficOnLatestRevision":true,"revision":"seedtemplates-00014-dez","maxInstanceRequestConcurrency":80,"availableCpu":"1"},"state":"ACTIVE","updateTime":"2026-05-02T01:10:39.462273638Z","labels":{"firebase-functions-hash":"aa2432068574644eb6a2601e24aabc5074c3890a","deployment-tool":"cli-firebase","deployment-callable":"true"},"environment":"GEN_2","url":"https://asia-northeast1-story-gen-8a769.cloudfunctions.net/seedTemplates","createTime":"2026-04-22T16:25:25.964640530Z","satisfiesPzi":true},{"name":"projects/story-gen-8a769/locations/asia-northeast1/functions/bootstrapAdmin","buildConfig":{"build":"projects/709804999278/locations/asia-northeast1/builds/1932b196-0400-4403-9412-183d776e114d","runtime":"nodejs20","entryPoint":"bootstrapAdmin","source":{"storageSource":{"bucket":"gcf-v2-sources-709804999278-asia-northeast1","object":"bootstrapAdmin/function-source.zip","generation":"1777684232490035"}},"environmentVariables":{"GOOGLE_NODE_RUN_SCRIPTS":""},"dockerRepository":"projects/story-gen-8a769/locations/asia-northeast1/repositories/gcf-artifacts","sourceProvenance":{"resolvedStorageSource":{"bucket":"gcf-v2-sources-709804999278-asia-northeast1","object":"bootstrapAdmin/function-source.zip","generation":"1777684232490035"}},"dockerRegistry":"ARTIFACT_REGISTRY","serviceAccount":"projects/story-gen-8a769/serviceAccounts/709804999278-compute@developer.gserviceaccount.com","automaticUpdatePolicy":{}},"serviceConfig":{"service":"projects/story-gen-8a769/locations/asia-northeast1/services/bootstrapadmin","timeoutSeconds":60,"environmentVariables":{"ADMIN_EMAILS":"kikushun0529@gmail.com,wanpakulabo@gmail.com","ENABLE_FLUX_KLEIN":"true","FIREBASE_CONFIG":"{\"projectId\":\"story-gen-8a769\",\"storageBucket\":\"story-gen-8a769.firebasestorage.app\"}","GCLOUD_PROJECT":"story-gen-8a769","EVENTARC_CLOUD_EVENT_SOURCE":"projects/story-gen-8a769/locations/asia-northeast1/services/bootstrapAdmin","FUNCTION_TARGET":"bootstrapAdmin","LOG_EXECUTION_ID":"true","FUNCTION_SIGNATURE_TYPE":"http"},"maxInstanceCount":20,"ingressSettings":"ALLOW_ALL","uri":"https://bootstrapadmin-xxqfxjazrq-an.a.run.app","serviceAccountEmail":"709804999278-compute@developer.gserviceaccount.com","availableMemory":"256Mi","allTrafficOnLatestRevision":true,"revision":"bootstrapadmin-00010-wok","maxInstanceRequestConcurrency":80,"availableCpu":"1"},"state":"ACTIVE","updateTime":"2026-05-02T01:10:39.934746380Z","labels":{"deployment-tool":"cli-firebase","deployment-callable":"true","firebase-functions-hash":"aa2432068574644eb6a2601e24aabc5074c3890a"},"environment":"GEN_2","url":"https://asia-northeast1-story-gen-8a769.cloudfunctions.net/bootstrapAdmin","createTime":"2026-05-01T00:18:43.403092115Z","satisfiesPzi":true},{"name":"projects/story-gen-8a769/locations/asia-northeast1/functions/cleanupExpired","buildConfig":{"build":"projects/709804999278/locations/asia-northeast1/builds/1932b196-0400-4403-9412-183d776e114d","runtime":"nodejs20","entryPoint":"cleanupExpired","source":{"storageSource":{"bucket":"gcf-v2-sources-709804999278-asia-northeast1","object":"cleanupExpired/function-source.zip","generation":"1777684232488705"}},"environmentVariables":{"GOOGLE_NODE_RUN_SCRIPTS":""},"dockerRepository":"projects/story-gen-8a769/locations/asia-northeast1/repositories/gcf-artifacts","sourceProvenance":{"resolvedStorageSource":{"bucket":"gcf-v2-sources-709804999278-asia-northeast1","object":"cleanupExpired/function-source.zip","generation":"1777684232488705"}},"dockerRegistry":"ARTIFACT_REGISTRY","serviceAccount":"projects/story-gen-8a769/serviceAccounts/709804999278-compute@developer.gserviceaccount.com","automaticUpdatePolicy":{}},"serviceConfig":{"service":"projects/story-gen-8a769/locations/asia-northeast1/services/cleanupexpired","timeoutSeconds":60,"environmentVariables":{"ADMIN_EMAILS":"kikushun0529@gmail.com,wanpakulabo@gmail.com","ENABLE_FLUX_KLEIN":"true","FIREBASE_CONFIG":"{\"projectId\":\"story-gen-8a769\",\"storageBucket\":\"story-gen-8a769.firebasestorage.app\"}","GCLOUD_PROJECT":"story-gen-8a769","EVENTARC_CLOUD_EVENT_SOURCE":"projects/story-gen-8a769/locations/asia-northeast1/services/cleanupExpired","FUNCTION_TARGET":"cleanupExpired","LOG_EXECUTION_ID":"true","FUNCTION_SIGNATURE_TYPE":"http"},"maxInstanceCount":20,"ingressSettings":"ALLOW_ALL","uri":"https://cleanupexpired-xxqfxjazrq-an.a.run.app","serviceAccountEmail":"709804999278-compute@developer.gserviceaccount.com","availableMemory":"256Mi","allTrafficOnLatestRevision":true,"revision":"cleanupexpired-00012-lab","maxInstanceRequestConcurrency":80,"availableCpu":"1"},"state":"ACTIVE","updateTime":"2026-05-02T01:10:39.073682864Z","labels":{"deployment-tool":"cli-firebase","deployment-scheduled":"true","firebase-functions-hash":"aa2432068574644eb6a2601e24aabc5074c3890a"},"environment":"GEN_2","url":"https://asia-northeast1-story-gen-8a769.cloudfunctions.net/cleanupExpired","createTime":"2026-04-22T15:26:36.929786312Z","satisfiesPzi":true},{"name":"projects/story-gen-8a769/locations/asia-northeast1/functions/resetMonthlyQuota","buildConfig":{"build":"projects/709804999278/locations/asia-northeast1/builds/1932b196-0400-4403-9412-183d776e114d","runtime":"nodejs20","entryPoint":"resetMonthlyQuota","source":{"storageSource":{"bucket":"gcf-v2-sources-709804999278-asia-northeast1","object":"resetMonthlyQuota/function-source.zip","generation":"1777684232753589"}},"environmentVariables":{"GOOGLE_NODE_RUN_SCRIPTS":""},"dockerRepository":"projects/story-gen-8a769/locations/asia-northeast1/repositories/gcf-artifacts","sourceProvenance":{"resolvedStorageSource":{"bucket":"gcf-v2-sources-709804999278-asia-northeast1","object":"resetMonthlyQuota/function-source.zip","generation":"1777684232753589"}},"dockerRegistry":"ARTIFACT_REGISTRY","serviceAccount":"projects/story-gen-8a769/serviceAccounts/709804999278-compute@developer.gserviceaccount.com","automaticUpdatePolicy":{}},"serviceConfig":{"service":"projects/story-gen-8a769/locations/asia-northeast1/services/resetmonthlyquota","timeoutSeconds":60,"environmentVariables":{"ADMIN_EMAILS":"kikushun0529@gmail.com,wanpakulabo@gmail.com","ENABLE_FLUX_KLEIN":"true","FIREBASE_CONFIG":"{\"projectId\":\"story-gen-8a769\",\"storageBucket\":\"story-gen-8a769.firebasestorage.app\"}","GCLOUD_PROJECT":"story-gen-8a769","EVENTARC_CLOUD_EVENT_SOURCE":"projects/story-gen-8a769/locations/asia-northeast1/services/resetMonthlyQuota","FUNCTION_TARGET":"resetMonthlyQuota","LOG_EXECUTION_ID":"true","FUNCTION_SIGNATURE_TYPE":"http"},"maxInstanceCount":20,"ingressSettings":"ALLOW_ALL","uri":"https://resetmonthlyquota-xxqfxjazrq-an.a.run.app","serviceAccountEmail":"709804999278-compute@developer.gserviceaccount.com","availableMemory":"256Mi","allTrafficOnLatestRevision":true,"revision":"resetmonthlyquota-00012-fiz","maxInstanceRequestConcurrency":80,"availableCpu":"1"},"state":"ACTIVE","updateTime":"2026-05-02T01:10:39.621167865Z","labels":{"deployment-tool":"cli-firebase","deployment-scheduled":"true","firebase-functions-hash":"aa2432068574644eb6a2601e24aabc5074c3890a"},"environment":"GEN_2","url":"https://asia-northeast1-story-gen-8a769.cloudfunctions.net/resetMonthlyQuota","createTime":"2026-04-22T15:26:36.638306422Z","satisfiesPzi":true},{"name":"projects/story-gen-8a769/locations/asia-northeast1/functions/generateChildCharacter","buildConfig":{"build":"projects/709804999278/locations/asia-northeast1/builds/1932b196-0400-4403-9412-183d776e114d","runtime":"nodejs20","entryPoint":"generateChildCharacter","source":{"storageSource":{"bucket":"gcf-v2-sources-709804999278-asia-northeast1","object":"generateChildCharacter/function-source.zip","generation":"1777684232599533"}},"environmentVariables":{"GOOGLE_NODE_RUN_SCRIPTS":""},"dockerRepository":"projects/story-gen-8a769/locations/asia-northeast1/repositories/gcf-artifacts","sourceProvenance":{"resolvedStorageSource":{"bucket":"gcf-v2-sources-709804999278-asia-northeast1","object":"generateChildCharacter/function-source.zip","generation":"1777684232599533"}},"dockerRegistry":"ARTIFACT_REGISTRY","serviceAccount":"projects/story-gen-8a769/serviceAccounts/709804999278-compute@developer.gserviceaccount.com","automaticUpdatePolicy":{}},"serviceConfig":{"service":"projects/story-gen-8a769/locations/asia-northeast1/services/generatechildcharacter","timeoutSeconds":300,"environmentVariables":{"ADMIN_EMAILS":"kikushun0529@gmail.com,wanpakulabo@gmail.com","ENABLE_FLUX_KLEIN":"true","FIREBASE_CONFIG":"{\"projectId\":\"story-gen-8a769\",\"storageBucket\":\"story-gen-8a769.firebasestorage.app\"}","GCLOUD_PROJECT":"story-gen-8a769","EVENTARC_CLOUD_EVENT_SOURCE":"projects/story-gen-8a769/locations/asia-northeast1/services/generateChildCharacter","FUNCTION_TARGET":"generateChildCharacter","LOG_EXECUTION_ID":"true","FUNCTION_SIGNATURE_TYPE":"http"},"maxInstanceCount":20,"ingressSettings":"ALLOW_ALL","uri":"https://generatechildcharacter-xxqfxjazrq-an.a.run.app","serviceAccountEmail":"709804999278-compute@developer.gserviceaccount.com","availableMemory":"1024Mi","allTrafficOnLatestRevision":true,"secretEnvironmentVariables":[{"key":"REPLICATE_API_TOKEN","projectId":"story-gen-8a769","secret":"REPLICATE_API_TOKEN","version":"5"}],"revision":"generatechildcharacter-00012-juq","maxInstanceRequestConcurrency":80,"availableCpu":"1"},"state":"ACTIVE","updateTime":"2026-05-02T01:10:39.569157997Z","labels":{"deployment-tool":"cli-firebase","deployment-callable":"true","firebase-functions-hash":"d569538f6f5f4d4afc0a893262f5c422b684b37a"},"environment":"GEN_2","url":"https://asia-northeast1-story-gen-8a769.cloudfunctions.net/generateChildCharacter","createTime":"2026-04-29T02:35:17.102950756Z","satisfiesPzi":true},{"name":"projects/story-gen-8a769/locations/asia-northeast1/functions/generateBook","buildConfig":{"build":"projects/709804999278/locations/asia-northeast1/builds/1932b196-0400-4403-9412-183d776e114d","runtime":"nodejs20","entryPoint":"generateBook","source":{"storageSource":{"bucket":"gcf-v2-sources-709804999278-asia-northeast1","object":"generateBook/function-source.zip","generation":"1777684192574811"}},"environmentVariables":{"GOOGLE_NODE_RUN_SCRIPTS":""},"dockerRepository":"projects/story-gen-8a769/locations/asia-northeast1/repositories/gcf-artifacts","sourceProvenance":{"resolvedStorageSource":{"bucket":"gcf-v2-sources-709804999278-asia-northeast1","object":"generateBook/function-source.zip","generation":"1777684192574811"}},"dockerRegistry":"ARTIFACT_REGISTRY","serviceAccount":"projects/story-gen-8a769/serviceAccounts/709804999278-compute@developer.gserviceaccount.com","automaticUpdatePolicy":{}},"serviceConfig":{"service":"projects/story-gen-8a769/locations/asia-northeast1/services/generatebook","timeoutSeconds":540,"environmentVariables":{"ADMIN_EMAILS":"kikushun0529@gmail.com,wanpakulabo@gmail.com","ENABLE_FLUX_KLEIN":"true","FIREBASE_CONFIG":"{\"projectId\":\"story-gen-8a769\",\"storageBucket\":\"story-gen-8a769.firebasestorage.app\"}","GCLOUD_PROJECT":"story-gen-8a769","EVENTARC_CLOUD_EVENT_SOURCE":"projects/story-gen-8a769/locations/asia-northeast1/services/generateBook","FUNCTION_SIGNATURE_TYPE":"cloudevent","FUNCTION_TARGET":"generateBook","LOG_EXECUTION_ID":"true"},"maxInstanceCount":20,"ingressSettings":"ALLOW_ALL","uri":"https://generatebook-xxqfxjazrq-an.a.run.app","serviceAccountEmail":"709804999278-compute@developer.gserviceaccount.com","availableMemory":"1024Mi","allTrafficOnLatestRevision":true,"secretEnvironmentVariables":[{"key":"GEMINI_API_KEY","projectId":"story-gen-8a769","secret":"GEMINI_API_KEY","version":"4"},{"key":"REPLICATE_API_TOKEN","projectId":"story-gen-8a769","secret":"REPLICATE_API_TOKEN","version":"5"}],"revision":"generatebook-00036-feb","maxInstanceRequestConcurrency":80,"availableCpu":"1"},"eventTrigger":{"trigger":"projects/story-gen-8a769/locations/asia-northeast1/triggers/generatebook-699494","triggerRegion":"asia-northeast1","eventType":"google.cloud.firestore.document.v1.created","eventFilters":[{"attribute":"database","value":"(default)"},{"attribute":"namespace","value":"(default)"},{"attribute":"document","value":"books/{bookId}","operator":"match-path-pattern"}],"pubsubTopic":"projects/story-gen-8a769/topics/eventarc-asia-northeast1-generatebook-699494-756","serviceAccountEmail":"709804999278-compute@developer.gserviceaccount.com","retryPolicy":"RETRY_POLICY_DO_NOT_RETRY"},"state":"ACTIVE","updateTime":"2026-05-02T01:10:37.102255038Z","labels":{"deployment-tool":"cli-firebase","firebase-functions-hash":"8f95c1cd606b161900e9f646f6cbae3071586dcd"},"environment":"GEN_2","url":"https://asia-northeast1-story-gen-8a769.cloudfunctions.net/generateBook","createTime":"2026-04-22T15:31:18.436815099Z","satisfiesPzi":true},{"name":"projects/story-gen-8a769/locations/asia-northeast1/functions/testImageModels","buildConfig":{"build":"projects/709804999278/locations/asia-northeast1/builds/1932b196-0400-4403-9412-183d776e114d","runtime":"nodejs20","entryPoint":"testImageModels","source":{"storageSource":{"bucket":"gcf-v2-sources-709804999278-asia-northeast1","object":"testImageModels/function-source.zip","generation":"1777684232473871"}},"environmentVariables":{"GOOGLE_NODE_RUN_SCRIPTS":""},"dockerRepository":"projects/story-gen-8a769/locations/asia-northeast1/repositories/gcf-artifacts","sourceProvenance":{"resolvedStorageSource":{"bucket":"gcf-v2-sources-709804999278-asia-northeast1","object":"testImageModels/function-source.zip","generation":"1777684232473871"}},"dockerRegistry":"ARTIFACT_REGISTRY","serviceAccount":"projects/story-gen-8a769/serviceAccounts/709804999278-compute@developer.gserviceaccount.com","automaticUpdatePolicy":{}},"serviceConfig":{"service":"projects/story-gen-8a769/locations/asia-northeast1/services/testimagemodels","timeoutSeconds":300,"environmentVariables":{"ADMIN_EMAILS":"kikushun0529@gmail.com,wanpakulabo@gmail.com","ENABLE_FLUX_KLEIN":"true","FIREBASE_CONFIG":"{\"projectId\":\"story-gen-8a769\",\"storageBucket\":\"story-gen-8a769.firebasestorage.app\"}","GCLOUD_PROJECT":"story-gen-8a769","EVENTARC_CLOUD_EVENT_SOURCE":"projects/story-gen-8a769/locations/asia-northeast1/services/testImageModels","FUNCTION_TARGET":"testImageModels","LOG_EXECUTION_ID":"true","FUNCTION_SIGNATURE_TYPE":"http"},"maxInstanceCount":20,"ingressSettings":"ALLOW_ALL","uri":"https://testimagemodels-xxqfxjazrq-an.a.run.app","serviceAccountEmail":"709804999278-compute@developer.gserviceaccount.com","availableMemory":"1024Mi","allTrafficOnLatestRevision":true,"secretEnvironmentVariables":[{"key":"REPLICATE_API_TOKEN","projectId":"story-gen-8a769","secret":"REPLICATE_API_TOKEN","version":"5"}],"revision":"testimagemodels-00010-mat","maxInstanceRequestConcurrency":80,"availableCpu":"1"},"state":"ACTIVE","updateTime":"2026-05-02T01:10:40.190780197Z","labels":{"deployment-tool":"cli-firebase","deployment-callable":"true","firebase-functions-hash":"d569538f6f5f4d4afc0a893262f5c422b684b37a"},"environment":"GEN_2","url":"https://asia-northeast1-story-gen-8a769.cloudfunctions.net/testImageModels","createTime":"2026-05-01T00:17:42.649413035Z","satisfiesPzi":true}]}
[debug] [2026-05-02T02:12:12.946Z] Checked if tokens are valid: true, expires at: 1777691511967
[debug] [2026-05-02T02:12:12.946Z] Checked if tokens are valid: true, expires at: 1777691511967
[debug] [2026-05-02T02:12:12.946Z] >>> [apiv2][query] GET https://firestore.googleapis.com/v1/projects/story-gen-8a769/databases/(default) [none]
[debug] [2026-05-02T02:12:13.713Z] <<< [apiv2][status] GET https://firestore.googleapis.com/v1/projects/story-gen-8a769/databases/(default) 200
[debug] [2026-05-02T02:12:13.713Z] <<< [apiv2][body] GET https://firestore.googleapis.com/v1/projects/story-gen-8a769/databases/(default) {"name":"projects/story-gen-8a769/databases/(default)","uid":"15963189-a572-445e-87f5-7580d369291e","createTime":"2026-04-18T13:16:11.263529Z","updateTime":"2026-04-18T13:16:11.263529Z","locationId":"asia-northeast1","type":"FIRESTORE_NATIVE","concurrencyMode":"PESSIMISTIC","versionRetentionPeriod":"3600s","earliestVersionTime":"2026-05-02T01:12:13.756341Z","appEngineIntegrationMode":"DISABLED","keyPrefix":"b","pointInTimeRecoveryEnablement":"POINT_IN_TIME_RECOVERY_DISABLED","deleteProtectionState":"DELETE_PROTECTION_DISABLED","databaseEdition":"STANDARD","freeTier":true,"realtimeUpdatesMode":"REALTIME_UPDATES_MODE_ENABLED","etag":"IKbCwM7DmZQDMLbp/6DzgZQD"}
[info] i  functions: ensuring required API cloudscheduler.googleapis.com is enabled... 
[info] i  functions: ensuring required API run.googleapis.com is enabled... 
[info] i  functions: ensuring required API eventarc.googleapis.com is enabled... 
[info] i  functions: ensuring required API pubsub.googleapis.com is enabled... 
[info] i  functions: ensuring required API storage.googleapis.com is enabled... 
[info] i  functions: generating the service identity for pubsub.googleapis.com... 
[debug] [2026-05-02T02:12:13.722Z] Checked if tokens are valid: true, expires at: 1777691511967
[debug] [2026-05-02T02:12:13.723Z] Checked if tokens are valid: true, expires at: 1777691511967
[info] i  functions: generating the service identity for eventarc.googleapis.com... 
[debug] [2026-05-02T02:12:13.723Z] Checked if tokens are valid: true, expires at: 1777691511967
[debug] [2026-05-02T02:12:13.723Z] Checked if tokens are valid: true, expires at: 1777691511967
[debug] [2026-05-02T02:12:13.724Z] >>> [apiv2][query] POST https://serviceusage.googleapis.com/v1beta1/projects/709804999278/services/pubsub.googleapis.com:generateServiceIdentity [none]
[debug] [2026-05-02T02:12:13.724Z] >>> [apiv2][(partial)header] POST https://serviceusage.googleapis.com/v1beta1/projects/709804999278/services/pubsub.googleapis.com:generateServiceIdentity  x-goog-user-project=709804999278
[debug] [2026-05-02T02:12:13.724Z] >>> [apiv2][body] POST https://serviceusage.googleapis.com/v1beta1/projects/709804999278/services/pubsub.googleapis.com:generateServiceIdentity {}
[debug] [2026-05-02T02:12:13.726Z] >>> [apiv2][query] POST https://serviceusage.googleapis.com/v1beta1/projects/709804999278/services/eventarc.googleapis.com:generateServiceIdentity [none]
[debug] [2026-05-02T02:12:13.726Z] >>> [apiv2][(partial)header] POST https://serviceusage.googleapis.com/v1beta1/projects/709804999278/services/eventarc.googleapis.com:generateServiceIdentity  x-goog-user-project=709804999278
[debug] [2026-05-02T02:12:13.726Z] >>> [apiv2][body] POST https://serviceusage.googleapis.com/v1beta1/projects/709804999278/services/eventarc.googleapis.com:generateServiceIdentity {}
[debug] [2026-05-02T02:12:15.298Z] <<< [apiv2][status] POST https://serviceusage.googleapis.com/v1beta1/projects/709804999278/services/pubsub.googleapis.com:generateServiceIdentity 200
[debug] [2026-05-02T02:12:15.298Z] <<< [apiv2][body] POST https://serviceusage.googleapis.com/v1beta1/projects/709804999278/services/pubsub.googleapis.com:generateServiceIdentity {"name":"operations/finished.DONE_OPERATION","done":true,"response":{"@type":"type.googleapis.com/google.api.serviceusage.v1beta1.ServiceIdentity","email":"service-709804999278@gcp-sa-pubsub.iam.gserviceaccount.com","uniqueId":"115507093829871442409"}}
[debug] [2026-05-02T02:12:15.768Z] <<< [apiv2][status] POST https://serviceusage.googleapis.com/v1beta1/projects/709804999278/services/eventarc.googleapis.com:generateServiceIdentity 200
[debug] [2026-05-02T02:12:15.768Z] <<< [apiv2][body] POST https://serviceusage.googleapis.com/v1beta1/projects/709804999278/services/eventarc.googleapis.com:generateServiceIdentity {"name":"operations/finished.DONE_OPERATION","done":true,"response":{"@type":"type.googleapis.com/google.api.serviceusage.v1beta1.ServiceIdentity","email":"service-709804999278@gcp-sa-eventarc.iam.gserviceaccount.com","uniqueId":"101694973439490746352"}}
[info] i  functions: ensuring required API secretmanager.googleapis.com is enabled... 
[debug] [2026-05-02T02:12:15.771Z] Checked if tokens are valid: true, expires at: 1777691511967
[debug] [2026-05-02T02:12:15.771Z] Checked if tokens are valid: true, expires at: 1777691511967
[debug] [2026-05-02T02:12:15.771Z] Checked if tokens are valid: true, expires at: 1777691511967
[debug] [2026-05-02T02:12:15.771Z] Checked if tokens are valid: true, expires at: 1777691511967
[debug] [2026-05-02T02:12:15.772Z] >>> [apiv2][query] GET https://secretmanager.googleapis.com/v1/projects/story-gen-8a769/secrets/GEMINI_API_KEY/versions/latest [none]
[debug] [2026-05-02T02:12:15.774Z] >>> [apiv2][query] GET https://secretmanager.googleapis.com/v1/projects/story-gen-8a769/secrets/REPLICATE_API_TOKEN/versions/latest [none]
[debug] [2026-05-02T02:12:16.409Z] <<< [apiv2][status] GET https://secretmanager.googleapis.com/v1/projects/story-gen-8a769/secrets/REPLICATE_API_TOKEN/versions/latest 200
[debug] [2026-05-02T02:12:16.410Z] <<< [apiv2][body] GET https://secretmanager.googleapis.com/v1/projects/story-gen-8a769/secrets/REPLICATE_API_TOKEN/versions/latest {"name":"projects/709804999278/secrets/REPLICATE_API_TOKEN/versions/5","createTime":"2026-04-22T16:08:20.501335Z","state":"ENABLED","replicationStatus":{"automatic":{}},"etag":"\"16500ebd922b57\""}
[debug] [2026-05-02T02:12:16.410Z] Resolved secret version of REPLICATE_API_TOKEN to 5.
[debug] [2026-05-02T02:12:16.429Z] <<< [apiv2][status] GET https://secretmanager.googleapis.com/v1/projects/story-gen-8a769/secrets/GEMINI_API_KEY/versions/latest 200
[debug] [2026-05-02T02:12:16.429Z] <<< [apiv2][body] GET https://secretmanager.googleapis.com/v1/projects/story-gen-8a769/secrets/GEMINI_API_KEY/versions/latest {"name":"projects/709804999278/secrets/GEMINI_API_KEY/versions/4","createTime":"2026-04-22T16:09:55.036809Z","state":"ENABLED","replicationStatus":{"automatic":{}},"etag":"\"16500ec334aa89\""}
[debug] [2026-05-02T02:12:16.429Z] Resolved secret version of GEMINI_API_KEY to 4.
[debug] [2026-05-02T02:12:16.432Z] Checked if tokens are valid: true, expires at: 1777691511967
[debug] [2026-05-02T02:12:16.433Z] Checked if tokens are valid: true, expires at: 1777691511967
[debug] [2026-05-02T02:12:16.433Z] >>> [apiv2][query] GET https://cloudresourcemanager.googleapis.com/v1/projects/story-gen-8a769 [none]
